#! /usr/bin/vvp
:ivl_version "10.1 (stable)";
:ivl_delay_selection "TYPICAL";
:vpi_time_precision + 0;
:vpi_module "system";
:vpi_module "vhdl_sys";
:vpi_module "v2005_math";
:vpi_module "va_math";
S_0x55e3fa99a870 .scope module, "clock_test" "clock_test" 2 1;
 .timescale 0 0;
v0x55e3fa9bb1f0_0 .var "clk", 0 0;
v0x55e3fa9bb2b0_0 .net "hs", 5 0, v0x55e3fa9bab40_0;  1 drivers
v0x55e3fa9bb380_0 .var/i "i", 31 0;
v0x55e3fa9bb450_0 .net "min", 5 0, v0x55e3fa9bac20_0;  1 drivers
v0x55e3fa9bb540_0 .var "rst", 0 0;
v0x55e3fa9bb630_0 .net "sec", 5 0, v0x55e3fa9baf90_0;  1 drivers
v0x55e3fa9bb700_0 .var "start", 0 0;
S_0x55e3fa99a9f0 .scope module, "my_chrono" "chrono" 2 12, 3 2 0, S_0x55e3fa99a870;
 .timescale 0 0;
    .port_info 0 /INPUT 1 "clk"
    .port_info 1 /INPUT 1 "start"
    .port_info 2 /INPUT 1 "rst"
    .port_info 3 /OUTPUT 6 "sec"
    .port_info 4 /OUTPUT 6 "min"
    .port_info 5 /OUTPUT 6 "hs"
v0x55e3fa99ac60_0 .net "clk", 0 0, v0x55e3fa9bb1f0_0;  1 drivers
v0x55e3fa9bab40_0 .var "hs", 5 0;
v0x55e3fa9bac20_0 .var "min", 5 0;
v0x55e3fa9bace0_0 .var "ms", 10 0;
v0x55e3fa9badc0_0 .var "need_start", 0 0;
v0x55e3fa9baed0_0 .net "rst", 0 0, v0x55e3fa9bb540_0;  1 drivers
v0x55e3fa9baf90_0 .var "sec", 5 0;
v0x55e3fa9bb070_0 .net "start", 0 0, v0x55e3fa9bb700_0;  1 drivers
E_0x55e3fa98da60 .event posedge, v0x55e3fa9bb070_0;
E_0x55e3fa958dd0 .event posedge, v0x55e3fa9baed0_0;
E_0x55e3fa98e120 .event posedge, v0x55e3fa99ac60_0;
    .scope S_0x55e3fa99a9f0;
T_0 ;
    %pushi/vec4 1, 0, 1;
    %store/vec4 v0x55e3fa9badc0_0, 0, 1;
    %end;
    .thread T_0;
    .scope S_0x55e3fa99a9f0;
T_1 ;
    %wait E_0x55e3fa98e120;
    %load/vec4 v0x55e3fa9badc0_0;
    %inv;
    %flag_set/vec4 8;
    %jmp/0xz  T_1.0, 8;
    %pushi/vec4 59, 0, 32;
    %load/vec4 v0x55e3fa9baf90_0;
    %pad/u 32;
    %cmp/u;
    %flag_or 5, 4;
    %jmp/0xz  T_1.2, 5;
    %pushi/vec4 0, 0, 6;
    %assign/vec4 v0x55e3fa9baf90_0, 0;
    %pushi/vec4 59, 0, 32;
    %load/vec4 v0x55e3fa9bac20_0;
    %pad/u 32;
    %cmp/u;
    %flag_or 5, 4;
    %jmp/0xz  T_1.4, 5;
    %pushi/vec4 0, 0, 6;
    %assign/vec4 v0x55e3fa9bac20_0, 0;
    %load/vec4 v0x55e3fa9bab40_0;
    %addi 1, 0, 6;
    %assign/vec4 v0x55e3fa9bab40_0, 0;
T_1.4 ;
    %load/vec4 v0x55e3fa9bac20_0;
    %pad/u 32;
    %cmpi/u 59, 0, 32;
    %jmp/0xz  T_1.6, 5;
    %load/vec4 v0x55e3fa9bac20_0;
    %addi 1, 0, 6;
    %assign/vec4 v0x55e3fa9bac20_0, 0;
T_1.6 ;
T_1.2 ;
    %load/vec4 v0x55e3fa9baf90_0;
    %pad/u 32;
    %cmpi/u 59, 0, 32;
    %jmp/0xz  T_1.8, 5;
    %load/vec4 v0x55e3fa9baf90_0;
    %addi 1, 0, 6;
    %assign/vec4 v0x55e3fa9baf90_0, 0;
T_1.8 ;
T_1.0 ;
    %jmp T_1;
    .thread T_1;
    .scope S_0x55e3fa99a9f0;
T_2 ;
    %wait E_0x55e3fa958dd0;
    %pushi/vec4 0, 0, 6;
    %assign/vec4 v0x55e3fa9baf90_0, 0;
    %pushi/vec4 0, 0, 6;
    %assign/vec4 v0x55e3fa9bac20_0, 0;
    %pushi/vec4 0, 0, 6;
    %assign/vec4 v0x55e3fa9bab40_0, 0;
    %pushi/vec4 1, 0, 1;
    %assign/vec4 v0x55e3fa9badc0_0, 0;
    %jmp T_2;
    .thread T_2;
    .scope S_0x55e3fa99a9f0;
T_3 ;
    %wait E_0x55e3fa98da60;
    %load/vec4 v0x55e3fa9badc0_0;
    %flag_set/vec4 8;
    %jmp/0xz  T_3.0, 8;
    %pushi/vec4 0, 0, 1;
    %assign/vec4 v0x55e3fa9badc0_0, 0;
T_3.0 ;
    %jmp T_3;
    .thread T_3;
    .scope S_0x55e3fa99a870;
T_4 ;
    %vpi_call 2 15 "$dumpfile", "output.vcd" {0 0 0};
    %vpi_call 2 16 "$dumpvars", 32'sb00000000000000000000000000000000, S_0x55e3fa99a9f0 {0 0 0};
    %delay 0, 0;
    %pushi/vec4 0, 0, 1;
    %store/vec4 v0x55e3fa9bb700_0, 0, 1;
    %delay 0, 0;
    %pushi/vec4 0, 0, 1;
    %store/vec4 v0x55e3fa9bb540_0, 0, 1;
    %delay 1, 0;
    %pushi/vec4 1, 0, 1;
    %store/vec4 v0x55e3fa9bb700_0, 0, 1;
    %pushi/vec4 0, 0, 32;
    %store/vec4 v0x55e3fa9bb380_0, 0, 32;
T_4.0 ;
    %load/vec4 v0x55e3fa9bb380_0;
    %cmpi/s 1000000, 0, 32;
    %flag_or 5, 4;
    %jmp/0xz T_4.1, 5;
    %delay 1, 0;
    %pushi/vec4 1, 0, 1;
    %store/vec4 v0x55e3fa9bb1f0_0, 0, 1;
    %delay 1, 0;
    %pushi/vec4 0, 0, 1;
    %store/vec4 v0x55e3fa9bb1f0_0, 0, 1;
    %load/vec4 v0x55e3fa9bb380_0;
    %addi 1, 0, 32;
    %store/vec4 v0x55e3fa9bb380_0, 0, 32;
    %jmp T_4.0;
T_4.1 ;
    %vpi_call 2 25 "$finish" {0 0 0};
    %end;
    .thread T_4;
# The file index is used to find the file name in the following table.
:file_names 4;
    "N/A";
    "<interactive>";
    "clock_test.v";
    "clock.v";
